Flow report for CSCE611_lab_comet
Sat Sep 14 17:36:03 2019
Quartus Prime Version 18.1.0 Build 625 09/12/2018 SJ Standard Edition


---------------------
; Table of Contents ;
---------------------
  1. Legal Notice
  2. Flow Summary
  3. Flow Settings
  4. Flow Non-Default Global Settings
  5. Flow Elapsed Time
  6. Flow OS Summary
  7. Flow Log
  8. Flow Messages
  9. Flow Suppressed Messages



----------------
; Legal Notice ;
----------------
Copyright (C) 2018  Intel Corporation. All rights reserved.
Your use of Intel Corporation's design tools, logic functions 
and other software and tools, and its AMPP partner logic 
functions, and any output files from any of the foregoing 
(including device programming or simulation files), and any 
associated documentation or information are expressly subject 
to the terms and conditions of the Intel Program License 
Subscription Agreement, the Intel Quartus Prime License Agreement,
the Intel FPGA IP License Agreement, or other applicable license
agreement, including, without limitation, that your use is for
the sole purpose of programming logic devices manufactured by
Intel and sold by Intel or its authorized distributors.  Please
refer to the applicable agreement for further details.



+--------------------------------------------------------------------------------------+
; Flow Summary                                                                         ;
+------------------------------------+-------------------------------------------------+
; Flow Status                        ; Successful - Sat Sep 14 17:36:00 2019           ;
; Quartus Prime Version              ; 18.1.0 Build 625 09/12/2018 SJ Standard Edition ;
; Revision Name                      ; CSCE611_lab_comet                               ;
; Top-level Entity Name              ; CSCE611_lab_comet                               ;
; Family                             ; Cyclone IV E                                    ;
; Device                             ; EP4CE115F29C7                                   ;
; Timing Models                      ; Final                                           ;
; Total logic elements               ; 133 / 114,480 ( < 1 % )                         ;
;     Total combinational functions  ; 133 / 114,480 ( < 1 % )                         ;
;     Dedicated logic registers      ; 51 / 114,480 ( < 1 % )                          ;
; Total registers                    ; 51                                              ;
; Total pins                         ; 86 / 529 ( 16 % )                               ;
; Total virtual pins                 ; 0                                               ;
; Total memory bits                  ; 0 / 3,981,312 ( 0 % )                           ;
; Embedded Multiplier 9-bit elements ; 0 / 532 ( 0 % )                                 ;
; Total PLLs                         ; 0 / 4 ( 0 % )                                   ;
+------------------------------------+-------------------------------------------------+


+-----------------------------------------+
; Flow Settings                           ;
+-------------------+---------------------+
; Option            ; Setting             ;
+-------------------+---------------------+
; Start date & time ; 09/14/2019 17:35:36 ;
; Main task         ; Compilation         ;
; Revision Name     ; CSCE611_lab_comet   ;
+-------------------+---------------------+


+-------------------------------------------------------------------------------------------------------------------------+
; Flow Non-Default Global Settings                                                                                        ;
+-------------------------------------+----------------------------------------+---------------+-------------+------------+
; Assignment Name                     ; Value                                  ; Default Value ; Entity Name ; Section Id ;
+-------------------------------------+----------------------------------------+---------------+-------------+------------+
; COMPILER_SIGNATURE_ID               ; 26830024578420.156849693621621         ; --            ; --          ; --         ;
; PARTITION_COLOR                     ; -- (Not supported for targeted family) ; --            ; --          ; Top        ;
; PARTITION_FITTER_PRESERVATION_LEVEL ; -- (Not supported for targeted family) ; --            ; --          ; Top        ;
; PARTITION_NETLIST_TYPE              ; -- (Not supported for targeted family) ; --            ; --          ; Top        ;
+-------------------------------------+----------------------------------------+---------------+-------------+------------+


+--------------------------------------------------------------------------------------------------------------------------+
; Flow Elapsed Time                                                                                                        ;
+----------------------+--------------+-------------------------+---------------------+------------------------------------+
; Module Name          ; Elapsed Time ; Average Processors Used ; Peak Virtual Memory ; Total CPU Time (on all processors) ;
+----------------------+--------------+-------------------------+---------------------+------------------------------------+
; Analysis & Synthesis ; 00:00:09     ; 1.0                     ; 953 MB              ; 00:00:20                           ;
; Fitter               ; 00:00:09     ; 1.0                     ; 1739 MB             ; 00:00:12                           ;
; Assembler            ; 00:00:03     ; 1.0                     ; 834 MB              ; 00:00:03                           ;
; Timing Analyzer      ; 00:00:02     ; 1.0                     ; 930 MB              ; 00:00:02                           ;
; Total                ; 00:00:23     ; --                      ; --                  ; 00:00:37                           ;
+----------------------+--------------+-------------------------+---------------------+------------------------------------+


+----------------------------------------------------------------------------------------+
; Flow OS Summary                                                                        ;
+----------------------+------------------+----------------+------------+----------------+
; Module Name          ; Machine Hostname ; OS Name        ; OS Version ; Processor type ;
+----------------------+------------------+----------------+------------+----------------+
; Analysis & Synthesis ; cocsce-l3d22-10  ; Ubuntu 16.04.6 ; 16         ; x86_64         ;
; Fitter               ; cocsce-l3d22-10  ; Ubuntu 16.04.6 ; 16         ; x86_64         ;
; Assembler            ; cocsce-l3d22-10  ; Ubuntu 16.04.6 ; 16         ; x86_64         ;
; Timing Analyzer      ; cocsce-l3d22-10  ; Ubuntu 16.04.6 ; 16         ; x86_64         ;
+----------------------+------------------+----------------+------------+----------------+


------------
; Flow Log ;
------------
quartus_map --read_settings_files=on --write_settings_files=off CSCE611_lab_comet -c CSCE611_lab_comet
quartus_fit --read_settings_files=off --write_settings_files=off CSCE611_lab_comet -c CSCE611_lab_comet
quartus_asm --read_settings_files=off --write_settings_files=off CSCE611_lab_comet -c CSCE611_lab_comet
quartus_sta CSCE611_lab_comet -c CSCE611_lab_comet



